<?xml version="1.0" encoding="UTF-8"?>
<testsuite xmlns:xsi="http://www.w3.org/2001/XMLSchema-instance" xsi:noNamespaceSchemaLocation="https://maven.apache.org/surefire/maven-surefire-plugin/xsd/surefire-test-report.xsd" name="TimerBasicTests" time="0.07" tests="9" errors="0" skipped="0" failures="0">
  <properties>
    <property name="java.specification.version" value="17"/>
    <property name="sun.jnu.encoding" value="UTF-8"/>
    <property name="java.class.path" value="/home/nehuenllanos/Desktop/ITBA/EDA/Unidad_I_Algoritmos/TimerFromScratch/target/test-classes:/home/nehuenllanos/Desktop/ITBA/EDA/Unidad_I_Algoritmos/TimerFromScratch/target/classes:/home/nehuenllanos/.m2/repository/org/junit/jupiter/junit-jupiter-engine/5.8.0-M1/junit-jupiter-engine-5.8.0-M1.jar:/home/nehuenllanos/.m2/repository/org/apiguardian/apiguardian-api/1.1.1/apiguardian-api-1.1.1.jar:/home/nehuenllanos/.m2/repository/org/junit/platform/junit-platform-engine/1.8.0-M1/junit-platform-engine-1.8.0-M1.jar:/home/nehuenllanos/.m2/repository/org/opentest4j/opentest4j/1.2.0/opentest4j-1.2.0.jar:/home/nehuenllanos/.m2/repository/org/junit/platform/junit-platform-commons/1.8.0-M1/junit-platform-commons-1.8.0-M1.jar:/home/nehuenllanos/.m2/repository/org/junit/jupiter/junit-jupiter-api/5.8.0-M1/junit-jupiter-api-5.8.0-M1.jar:/home/nehuenllanos/.m2/repository/org/jetbrains/kotlin/kotlin-stdlib-jdk8/1.4.20/kotlin-stdlib-jdk8-1.4.20.jar:/home/nehuenllanos/.m2/repository/org/jetbrains/kotlin/kotlin-stdlib/1.4.20/kotlin-stdlib-1.4.20.jar:/home/nehuenllanos/.m2/repository/org/jetbrains/kotlin/kotlin-stdlib-common/1.4.20/kotlin-stdlib-common-1.4.20.jar:/home/nehuenllanos/.m2/repository/org/jetbrains/annotations/13.0/annotations-13.0.jar:/home/nehuenllanos/.m2/repository/org/jetbrains/kotlin/kotlin-stdlib-jdk7/1.4.20/kotlin-stdlib-jdk7-1.4.20.jar:"/>
    <property name="java.vm.vendor" value="Oracle Corporation"/>
    <property name="sun.arch.data.model" value="64"/>
    <property name="java.vendor.url" value="https://java.oracle.com/"/>
    <property name="os.name" value="Linux"/>
    <property name="java.vm.specification.version" value="17"/>
    <property name="sun.java.launcher" value="SUN_STANDARD"/>
    <property name="user.country" value="US"/>
    <property name="sun.boot.library.path" value="/usr/lib/jvm/java-17-oracle/lib"/>
    <property name="sun.java.command" value="/home/nehuenllanos/Desktop/ITBA/EDA/Unidad_I_Algoritmos/TimerFromScratch/target/surefire/surefirebooter16402572608597141450.jar /home/nehuenllanos/Desktop/ITBA/EDA/Unidad_I_Algoritmos/TimerFromScratch/target/surefire 2022-04-16T18-09-44_075-jvmRun1 surefire12678234966602578257tmp surefire_013996290818694937919tmp"/>
    <property name="jdk.debug" value="release"/>
    <property name="surefire.test.class.path" value="/home/nehuenllanos/Desktop/ITBA/EDA/Unidad_I_Algoritmos/TimerFromScratch/target/test-classes:/home/nehuenllanos/Desktop/ITBA/EDA/Unidad_I_Algoritmos/TimerFromScratch/target/classes:/home/nehuenllanos/.m2/repository/org/junit/jupiter/junit-jupiter-engine/5.8.0-M1/junit-jupiter-engine-5.8.0-M1.jar:/home/nehuenllanos/.m2/repository/org/apiguardian/apiguardian-api/1.1.1/apiguardian-api-1.1.1.jar:/home/nehuenllanos/.m2/repository/org/junit/platform/junit-platform-engine/1.8.0-M1/junit-platform-engine-1.8.0-M1.jar:/home/nehuenllanos/.m2/repository/org/opentest4j/opentest4j/1.2.0/opentest4j-1.2.0.jar:/home/nehuenllanos/.m2/repository/org/junit/platform/junit-platform-commons/1.8.0-M1/junit-platform-commons-1.8.0-M1.jar:/home/nehuenllanos/.m2/repository/org/junit/jupiter/junit-jupiter-api/5.8.0-M1/junit-jupiter-api-5.8.0-M1.jar:/home/nehuenllanos/.m2/repository/org/jetbrains/kotlin/kotlin-stdlib-jdk8/1.4.20/kotlin-stdlib-jdk8-1.4.20.jar:/home/nehuenllanos/.m2/repository/org/jetbrains/kotlin/kotlin-stdlib/1.4.20/kotlin-stdlib-1.4.20.jar:/home/nehuenllanos/.m2/repository/org/jetbrains/kotlin/kotlin-stdlib-common/1.4.20/kotlin-stdlib-common-1.4.20.jar:/home/nehuenllanos/.m2/repository/org/jetbrains/annotations/13.0/annotations-13.0.jar:/home/nehuenllanos/.m2/repository/org/jetbrains/kotlin/kotlin-stdlib-jdk7/1.4.20/kotlin-stdlib-jdk7-1.4.20.jar:"/>
    <property name="sun.cpu.endian" value="little"/>
    <property name="user.home" value="/home/nehuenllanos"/>
    <property name="user.language" value="en"/>
    <property name="java.specification.vendor" value="Oracle Corporation"/>
    <property name="java.version.date" value="2021-10-19"/>
    <property name="java.home" value="/usr/lib/jvm/java-17-oracle"/>
    <property name="file.separator" value="/"/>
    <property name="basedir" value="/home/nehuenllanos/Desktop/ITBA/EDA/Unidad_I_Algoritmos/TimerFromScratch"/>
    <property name="java.vm.compressedOopsMode" value="32-bit"/>
    <property name="line.separator" value="&#10;"/>
    <property name="java.vm.specification.vendor" value="Oracle Corporation"/>
    <property name="java.specification.name" value="Java Platform API Specification"/>
    <property name="surefire.real.class.path" value="/home/nehuenllanos/Desktop/ITBA/EDA/Unidad_I_Algoritmos/TimerFromScratch/target/surefire/surefirebooter16402572608597141450.jar"/>
    <property name="sun.management.compiler" value="HotSpot 64-Bit Tiered Compilers"/>
    <property name="java.runtime.version" value="17.0.1+12-LTS-39"/>
    <property name="user.name" value="nehuenllanos"/>
    <property name="path.separator" value=":"/>
    <property name="os.version" value="5.13.0-35-generic"/>
    <property name="java.runtime.name" value="Java(TM) SE Runtime Environment"/>
    <property name="file.encoding" value="UTF-8"/>
    <property name="java.vm.name" value="Java HotSpot(TM) 64-Bit Server VM"/>
    <property name="localRepository" value="/home/nehuenllanos/.m2/repository"/>
    <property name="java.vendor.url.bug" value="https://bugreport.java.com/bugreport/"/>
    <property name="java.io.tmpdir" value="/tmp"/>
    <property name="idea.version" value="2022.1"/>
    <property name="java.version" value="17.0.1"/>
    <property name="user.dir" value="/home/nehuenllanos/Desktop/ITBA/EDA/Unidad_I_Algoritmos/TimerFromScratch"/>
    <property name="os.arch" value="amd64"/>
    <property name="java.vm.specification.name" value="Java Virtual Machine Specification"/>
    <property name="native.encoding" value="UTF-8"/>
    <property name="java.library.path" value="/usr/java/packages/lib:/usr/lib64:/lib64:/lib:/usr/lib"/>
    <property name="java.vm.info" value="mixed mode, sharing"/>
    <property name="java.vendor" value="Oracle Corporation"/>
    <property name="java.vm.version" value="17.0.1+12-LTS-39"/>
    <property name="sun.io.unicode.encoding" value="UnicodeLittle"/>
    <property name="java.class.version" value="61.0"/>
  </properties>
  <testcase name="TestMinutes" classname="TimerBasicTests" time="0.025"/>
  <testcase name="TestDays" classname="TimerBasicTests" time="0.002"/>
  <testcase name="TestZero" classname="TimerBasicTests" time="0.003"/>
  <testcase name="shouldThrowExceptionWithMessage" classname="TimerBasicTests" time="0.003"/>
  <testcase name="TestSeconds" classname="TimerBasicTests" time="0.002"/>
  <testcase name="TestMillis" classname="TimerBasicTests" time="0.001"/>
  <testcase name="TestIntegrated" classname="TimerBasicTests" time="0.001"/>
  <testcase name="TestHours" classname="TimerBasicTests" time="0.001"/>
  <testcase name="shouldThrowException" classname="TimerBasicTests" time="0.004"/>
</testsuite>