<?xml version="1.0" encoding="UTF-8"?>
<!-- Generated by org.testng.reporters.JUnitReportReporter -->
<testsuite hostname="nehuenllanos" failures="0" tests="1" name="KMPTest" time="0.005" errors="0" timestamp="2022-03-22T14:32:01 ART" skipped="0">
  <testcase classname="KMPTest" name="KMPTest" time="0.005"/>
  <system-out/>
</testsuite> <!-- KMPTest -->
